{"name":"testFindProduct","status":"broken","statusDetails":{"known":false,"muted":false,"flaky":false,"message":"Unexpected result for screenshot command: null","trace":"java.lang.RuntimeException: Unexpected result for screenshot command: null\n\tat org.openqa.selenium.remote.RemoteWebDriver.getScreenshotAs(RemoteWebDriver.java:303)\n\tat com.codeborne.selenide.impl.WebdriverPhotographer.takeScreenshot(WebdriverPhotographer.java:13)\n\tat com.codeborne.selenide.impl.ScreenShotLaboratory.savePageImageToFile(ScreenShotLaboratory.java:344)\n\tat com.codeborne.selenide.impl.ScreenShotLaboratory.takeScreenShot(ScreenShotLaboratory.java:154)\n\tat com.codeborne.selenide.impl.ScreenShotLaboratory.lambda$null$10(ScreenShotLaboratory.java:453)\n\tat com.codeborne.selenide.impl.ScreenShotLaboratory.ifReportsFolderNotNull(ScreenShotLaboratory.java:541)\n\tat com.codeborne.selenide.impl.ScreenShotLaboratory.lambda$takeScreenshot$11(ScreenShotLaboratory.java:452)\n\tat com.codeborne.selenide.impl.ScreenShotLaboratory.ifWebDriverStarted(ScreenShotLaboratory.java:531)\n\tat com.codeborne.selenide.impl.ScreenShotLaboratory.takeScreenshot(ScreenShotLaboratory.java:451)\n\tat com.codeborne.selenide.ex.UIAssertionError.wrapThrowable(UIAssertionError.java:84)\n\tat com.codeborne.selenide.ex.UIAssertionError.wrap(UIAssertionError.java:66)\n\tat com.codeborne.selenide.impl.SelenideElementProxy.invoke(SelenideElementProxy.java:90)\n\tat jdk.proxy2/jdk.proxy2.$Proxy9.click(Unknown Source)\n\tat pagesSelenide.MainPage.clickToProceed3(MainPage.java:52)\n\tat selenideTests.RegistrationTest.testFindProduct(RegistrationTest.java:40)\n\tat java.base/jdk.internal.reflect.NativeMethodAccessorImpl.invoke0(Native Method)\n\tat java.base/jdk.internal.reflect.NativeMethodAccessorImpl.invoke(NativeMethodAccessorImpl.java:78)\n\tat java.base/jdk.internal.reflect.DelegatingMethodAccessorImpl.invoke(DelegatingMethodAccessorImpl.java:43)\n\tat java.base/java.lang.reflect.Method.invoke(Method.java:567)\n\tat org.testng.internal.MethodInvocationHelper.invokeMethod(MethodInvocationHelper.java:124)\n\tat org.testng.internal.Invoker.invokeMethod(Invoker.java:583)\n\tat org.testng.internal.Invoker.invokeTestMethod(Invoker.java:719)\n\tat org.testng.internal.Invoker.invokeTestMethods(Invoker.java:989)\n\tat org.testng.internal.TestMethodWorker.invokeTestMethods(TestMethodWorker.java:125)\n\tat org.testng.internal.TestMethodWorker.run(TestMethodWorker.java:109)\n\tat org.testng.TestRunner.privateRun(TestRunner.java:648)\n\tat org.testng.TestRunner.run(TestRunner.java:505)\n\tat org.testng.SuiteRunner.runTest(SuiteRunner.java:455)\n\tat org.testng.SuiteRunner.runSequentially(SuiteRunner.java:450)\n\tat org.testng.SuiteRunner.privateRun(SuiteRunner.java:415)\n\tat org.testng.SuiteRunner.run(SuiteRunner.java:364)\n\tat org.testng.SuiteRunnerWorker.runSuite(SuiteRunnerWorker.java:52)\n\tat org.testng.SuiteRunnerWorker.run(SuiteRunnerWorker.java:84)\n\tat org.testng.TestNG.runSuitesSequentially(TestNG.java:1208)\n\tat org.testng.TestNG.runSuitesLocally(TestNG.java:1137)\n\tat org.testng.TestNG.runSuites(TestNG.java:1049)\n\tat org.testng.TestNG.run(TestNG.java:1017)\n\tat com.intellij.rt.testng.IDEARemoteTestNG.run(IDEARemoteTestNG.java:66)\n\tat com.intellij.rt.testng.RemoteTestNGStarter.main(RemoteTestNGStarter.java:109)\n"},"stage":"finished","steps":[{"name":"Get product","status":"passed","stage":"finished","steps":[],"attachments":[],"parameters":[],"start":1629354298623,"stop":1629354298892},{"name":"Click to product Blouse","status":"passed","stage":"finished","steps":[],"attachments":[],"parameters":[{"name":"product","value":"Blouse"}],"start":1629354298893,"stop":1629354300711},{"name":"Click to add  product","status":"passed","stage":"finished","steps":[],"attachments":[],"parameters":[{"name":"text","value":"Add to cart"}],"start":1629354300711,"stop":1629354300776},{"name":"Click proceed","status":"passed","stage":"finished","steps":[],"attachments":[],"parameters":[{"name":"text","value":"Proceed to checkout"}],"start":1629354300777,"stop":1629354303063},{"name":"Click proceed2","status":"passed","stage":"finished","steps":[],"attachments":[],"parameters":[{"name":"text","value":".button.btn.btn-default.standard-checkout.button-medium"}],"start":1629354303064,"stop":1629354305471},{"name":"Click proceed3","status":"broken","statusDetails":{"known":false,"muted":false,"flaky":false,"message":"Unexpected result for screenshot command: null","trace":"java.lang.RuntimeException: Unexpected result for screenshot command: null\n\tat org.openqa.selenium.remote.RemoteWebDriver.getScreenshotAs(RemoteWebDriver.java:303)\n\tat com.codeborne.selenide.impl.WebdriverPhotographer.takeScreenshot(WebdriverPhotographer.java:13)\n\tat com.codeborne.selenide.impl.ScreenShotLaboratory.savePageImageToFile(ScreenShotLaboratory.java:344)\n\tat com.codeborne.selenide.impl.ScreenShotLaboratory.takeScreenShot(ScreenShotLaboratory.java:154)\n\tat com.codeborne.selenide.impl.ScreenShotLaboratory.lambda$null$10(ScreenShotLaboratory.java:453)\n\tat com.codeborne.selenide.impl.ScreenShotLaboratory.ifReportsFolderNotNull(ScreenShotLaboratory.java:541)\n\tat com.codeborne.selenide.impl.ScreenShotLaboratory.lambda$takeScreenshot$11(ScreenShotLaboratory.java:452)\n\tat com.codeborne.selenide.impl.ScreenShotLaboratory.ifWebDriverStarted(ScreenShotLaboratory.java:531)\n\tat com.codeborne.selenide.impl.ScreenShotLaboratory.takeScreenshot(ScreenShotLaboratory.java:451)\n\tat com.codeborne.selenide.ex.UIAssertionError.wrapThrowable(UIAssertionError.java:84)\n\tat com.codeborne.selenide.ex.UIAssertionError.wrap(UIAssertionError.java:66)\n\tat com.codeborne.selenide.impl.SelenideElementProxy.invoke(SelenideElementProxy.java:90)\n\tat jdk.proxy2/jdk.proxy2.$Proxy9.click(Unknown Source)\n\tat pagesSelenide.MainPage.clickToProceed3(MainPage.java:52)\n\tat selenideTests.RegistrationTest.testFindProduct(RegistrationTest.java:40)\n\tat java.base/jdk.internal.reflect.NativeMethodAccessorImpl.invoke0(Native Method)\n\tat java.base/jdk.internal.reflect.NativeMethodAccessorImpl.invoke(NativeMethodAccessorImpl.java:78)\n\tat java.base/jdk.internal.reflect.DelegatingMethodAccessorImpl.invoke(DelegatingMethodAccessorImpl.java:43)\n\tat java.base/java.lang.reflect.Method.invoke(Method.java:567)\n\tat org.testng.internal.MethodInvocationHelper.invokeMethod(MethodInvocationHelper.java:124)\n\tat org.testng.internal.Invoker.invokeMethod(Invoker.java:583)\n\tat org.testng.internal.Invoker.invokeTestMethod(Invoker.java:719)\n\tat org.testng.internal.Invoker.invokeTestMethods(Invoker.java:989)\n\tat org.testng.internal.TestMethodWorker.invokeTestMethods(TestMethodWorker.java:125)\n\tat org.testng.internal.TestMethodWorker.run(TestMethodWorker.java:109)\n\tat org.testng.TestRunner.privateRun(TestRunner.java:648)\n\tat org.testng.TestRunner.run(TestRunner.java:505)\n\tat org.testng.SuiteRunner.runTest(SuiteRunner.java:455)\n\tat org.testng.SuiteRunner.runSequentially(SuiteRunner.java:450)\n\tat org.testng.SuiteRunner.privateRun(SuiteRunner.java:415)\n\tat org.testng.SuiteRunner.run(SuiteRunner.java:364)\n\tat org.testng.SuiteRunnerWorker.runSuite(SuiteRunnerWorker.java:52)\n\tat org.testng.SuiteRunnerWorker.run(SuiteRunnerWorker.java:84)\n\tat org.testng.TestNG.runSuitesSequentially(TestNG.java:1208)\n\tat org.testng.TestNG.runSuitesLocally(TestNG.java:1137)\n\tat org.testng.TestNG.runSuites(TestNG.java:1049)\n\tat org.testng.TestNG.run(TestNG.java:1017)\n\tat com.intellij.rt.testng.IDEARemoteTestNG.run(IDEARemoteTestNG.java:66)\n\tat com.intellij.rt.testng.RemoteTestNGStarter.main(RemoteTestNGStarter.java:109)\n"},"stage":"finished","steps":[],"attachments":[],"parameters":[{"name":"text","value":"button[name='processAddress'] span"}],"start":1629354305472,"stop":1629354315629}],"attachments":[],"parameters":[],"start":1629354296661,"stop":1629354315650,"uuid":"3b685fe5-d0ea-4959-85ec-d84bb4fb0921","historyId":"1c6459969e9c3c80f39873de98a2c277","fullName":"selenideTests.RegistrationTest.testFindProduct","labels":[{"name":"package","value":"selenideTests.RegistrationTest"},{"name":"testClass","value":"selenideTests.RegistrationTest"},{"name":"testMethod","value":"testFindProduct"},{"name":"parentSuite","value":"Default Suite"},{"name":"suite","value":"lesson9"},{"name":"subSuite","value":"selenideTests.RegistrationTest"},{"name":"host","value":"nb02mdl033"},{"name":"thread","value":"17524@nb02mdl033.main(1)"},{"name":"framework","value":"testng"},{"name":"language","value":"java"}],"links":[]}